2018-04-07T11:19:38+00:00 CRITICAL Uncaught Error: Call to undefined function custom_excerpt() in /var/www/html/blog/wp-content/plugins/imevent-common/shortcode/shortcode.php:375
Stack trace:
#0 /var/www/html/blog/wp-includes/shortcodes.php(319): shortcode_schedule(Array, '', 'schedule')
#1 [internal function]: do_shortcode_tag(Array)
#2 /var/www/html/blog/wp-includes/shortcodes.php(197): preg_replace_callback('/\\[(\\[?)(schedu...', 'do_shortcode_ta...', '[schedule array...')
#3 /var/www/html/blog/wp-content/plugins/js_composer/include/helpers/helpers.php(232): do_shortcode('[schedule array...')
#4 /var/www/html/blog/wp-content/plugins/js_composer/include/templates/shortcodes/vc_column.php(93): wpb_js_remove_wpautop('[schedule array...')
#5 /var/www/html/blog/wp-content/plugins/js_composer/include/classes/shortcodes/shortcodes.php(473): include('/var/www/html/b...')
#6 /var/www/html/blog/wp-content/plugins/js_composer/include/classes/shortcodes/shortcodes.php(453): WPBakeryShortCode->loadTemplate(Array, '[schedule array...')
#7 /var/www/html/

2018-04-07T11:19:39+00:00 CRITICAL Uncaught Error: Call to undefined function custom_excerpt() in /var/www/html/blog/wp-content/plugins/imevent-common/shortcode/shortcode.php:375
Stack trace:
#0 /var/www/html/blog/wp-includes/shortcodes.php(319): shortcode_schedule(Array, '', 'schedule')
#1 [internal function]: do_shortcode_tag(Array)
#2 /var/www/html/blog/wp-includes/shortcodes.php(197): preg_replace_callback('/\\[(\\[?)(schedu...', 'do_shortcode_ta...', '[schedule array...')
#3 /var/www/html/blog/wp-content/plugins/js_composer/include/helpers/helpers.php(232): do_shortcode('[schedule array...')
#4 /var/www/html/blog/wp-content/plugins/js_composer/include/templates/shortcodes/vc_column.php(93): wpb_js_remove_wpautop('[schedule array...')
#5 /var/www/html/blog/wp-content/plugins/js_composer/include/classes/shortcodes/shortcodes.php(473): include('/var/www/html/b...')
#6 /var/www/html/blog/wp-content/plugins/js_composer/include/classes/shortcodes/shortcodes.php(453): WPBakeryShortCode->loadTemplate(Array, '[schedule array...')
#7 /var/www/html/

2018-04-07T11:19:44+00:00 CRITICAL Uncaught Error: Call to undefined function custom_excerpt() in /var/www/html/blog/wp-content/plugins/imevent-common/shortcode/shortcode.php:375
Stack trace:
#0 /var/www/html/blog/wp-includes/shortcodes.php(319): shortcode_schedule(Array, '', 'schedule')
#1 [internal function]: do_shortcode_tag(Array)
#2 /var/www/html/blog/wp-includes/shortcodes.php(197): preg_replace_callback('/\\[(\\[?)(schedu...', 'do_shortcode_ta...', '[schedule array...')
#3 /var/www/html/blog/wp-content/plugins/js_composer/include/helpers/helpers.php(232): do_shortcode('[schedule array...')
#4 /var/www/html/blog/wp-content/plugins/js_composer/include/templates/shortcodes/vc_column.php(93): wpb_js_remove_wpautop('[schedule array...')
#5 /var/www/html/blog/wp-content/plugins/js_composer/include/classes/shortcodes/shortcodes.php(473): include('/var/www/html/b...')
#6 /var/www/html/blog/wp-content/plugins/js_composer/include/classes/shortcodes/shortcodes.php(453): WPBakeryShortCode->loadTemplate(Array, '[schedule array...')
#7 /var/www/html/

2018-04-07T11:19:45+00:00 CRITICAL Uncaught Error: Call to undefined function custom_excerpt() in /var/www/html/blog/wp-content/plugins/imevent-common/shortcode/shortcode.php:375
Stack trace:
#0 /var/www/html/blog/wp-includes/shortcodes.php(319): shortcode_schedule(Array, '', 'schedule')
#1 [internal function]: do_shortcode_tag(Array)
#2 /var/www/html/blog/wp-includes/shortcodes.php(197): preg_replace_callback('/\\[(\\[?)(schedu...', 'do_shortcode_ta...', '[schedule array...')
#3 /var/www/html/blog/wp-content/plugins/js_composer/include/helpers/helpers.php(232): do_shortcode('[schedule array...')
#4 /var/www/html/blog/wp-content/plugins/js_composer/include/templates/shortcodes/vc_column.php(93): wpb_js_remove_wpautop('[schedule array...')
#5 /var/www/html/blog/wp-content/plugins/js_composer/include/classes/shortcodes/shortcodes.php(473): include('/var/www/html/b...')
#6 /var/www/html/blog/wp-content/plugins/js_composer/include/classes/shortcodes/shortcodes.php(453): WPBakeryShortCode->loadTemplate(Array, '[schedule array...')
#7 /var/www/html/

2018-04-07T11:19:48+00:00 CRITICAL Uncaught Error: Call to undefined function custom_excerpt() in /var/www/html/blog/wp-content/plugins/imevent-common/shortcode/shortcode.php:375
Stack trace:
#0 /var/www/html/blog/wp-includes/shortcodes.php(319): shortcode_schedule(Array, '', 'schedule')
#1 [internal function]: do_shortcode_tag(Array)
#2 /var/www/html/blog/wp-includes/shortcodes.php(197): preg_replace_callback('/\\[(\\[?)(schedu...', 'do_shortcode_ta...', '[schedule array...')
#3 /var/www/html/blog/wp-content/plugins/js_composer/include/helpers/helpers.php(232): do_shortcode('[schedule array...')
#4 /var/www/html/blog/wp-content/plugins/js_composer/include/templates/shortcodes/vc_column.php(93): wpb_js_remove_wpautop('[schedule array...')
#5 /var/www/html/blog/wp-content/plugins/js_composer/include/classes/shortcodes/shortcodes.php(473): include('/var/www/html/b...')
#6 /var/www/html/blog/wp-content/plugins/js_composer/include/classes/shortcodes/shortcodes.php(453): WPBakeryShortCode->loadTemplate(Array, '[schedule array...')
#7 /var/www/html/

2018-04-07T11:19:50+00:00 CRITICAL Uncaught Error: Call to undefined function custom_excerpt() in /var/www/html/blog/wp-content/plugins/imevent-common/shortcode/shortcode.php:375
Stack trace:
#0 /var/www/html/blog/wp-includes/shortcodes.php(319): shortcode_schedule(Array, '', 'schedule')
#1 [internal function]: do_shortcode_tag(Array)
#2 /var/www/html/blog/wp-includes/shortcodes.php(197): preg_replace_callback('/\\[(\\[?)(schedu...', 'do_shortcode_ta...', '[schedule array...')
#3 /var/www/html/blog/wp-content/plugins/js_composer/include/helpers/helpers.php(232): do_shortcode('[schedule array...')
#4 /var/www/html/blog/wp-content/plugins/js_composer/include/templates/shortcodes/vc_column.php(93): wpb_js_remove_wpautop('[schedule array...')
#5 /var/www/html/blog/wp-content/plugins/js_composer/include/classes/shortcodes/shortcodes.php(473): include('/var/www/html/b...')
#6 /var/www/html/blog/wp-content/plugins/js_composer/include/classes/shortcodes/shortcodes.php(453): WPBakeryShortCode->loadTemplate(Array, '[schedule array...')
#7 /var/www/html/

2018-04-07T11:20:23+00:00 CRITICAL Uncaught Error: Call to undefined function custom_excerpt() in /var/www/html/blog/wp-content/plugins/imevent-common/shortcode/shortcode.php:375
Stack trace:
#0 /var/www/html/blog/wp-includes/shortcodes.php(319): shortcode_schedule(Array, '', 'schedule')
#1 [internal function]: do_shortcode_tag(Array)
#2 /var/www/html/blog/wp-includes/shortcodes.php(197): preg_replace_callback('/\\[(\\[?)(schedu...', 'do_shortcode_ta...', '[schedule array...')
#3 /var/www/html/blog/wp-content/plugins/js_composer/include/helpers/helpers.php(232): do_shortcode('[schedule array...')
#4 /var/www/html/blog/wp-content/plugins/js_composer/include/templates/shortcodes/vc_column.php(93): wpb_js_remove_wpautop('[schedule array...')
#5 /var/www/html/blog/wp-content/plugins/js_composer/include/classes/shortcodes/shortcodes.php(473): include('/var/www/html/b...')
#6 /var/www/html/blog/wp-content/plugins/js_composer/include/classes/shortcodes/shortcodes.php(453): WPBakeryShortCode->loadTemplate(Array, '[schedule array...')
#7 /var/www/html/

2018-04-07T11:20:23+00:00 CRITICAL Uncaught Error: Call to undefined function custom_excerpt() in /var/www/html/blog/wp-content/plugins/imevent-common/shortcode/shortcode.php:375
Stack trace:
#0 /var/www/html/blog/wp-includes/shortcodes.php(319): shortcode_schedule(Array, '', 'schedule')
#1 [internal function]: do_shortcode_tag(Array)
#2 /var/www/html/blog/wp-includes/shortcodes.php(197): preg_replace_callback('/\\[(\\[?)(schedu...', 'do_shortcode_ta...', '[schedule array...')
#3 /var/www/html/blog/wp-content/plugins/js_composer/include/helpers/helpers.php(232): do_shortcode('[schedule array...')
#4 /var/www/html/blog/wp-content/plugins/js_composer/include/templates/shortcodes/vc_column.php(93): wpb_js_remove_wpautop('[schedule array...')
#5 /var/www/html/blog/wp-content/plugins/js_composer/include/classes/shortcodes/shortcodes.php(473): include('/var/www/html/b...')
#6 /var/www/html/blog/wp-content/plugins/js_composer/include/classes/shortcodes/shortcodes.php(453): WPBakeryShortCode->loadTemplate(Array, '[schedule array...')
#7 /var/www/html/

2018-04-07T11:20:27+00:00 CRITICAL Uncaught Error: Call to undefined function custom_excerpt() in /var/www/html/blog/wp-content/plugins/imevent-common/shortcode/shortcode.php:375
Stack trace:
#0 /var/www/html/blog/wp-includes/shortcodes.php(319): shortcode_schedule(Array, '', 'schedule')
#1 [internal function]: do_shortcode_tag(Array)
#2 /var/www/html/blog/wp-includes/shortcodes.php(197): preg_replace_callback('/\\[(\\[?)(schedu...', 'do_shortcode_ta...', '[schedule array...')
#3 /var/www/html/blog/wp-content/plugins/js_composer/include/helpers/helpers.php(232): do_shortcode('[schedule array...')
#4 /var/www/html/blog/wp-content/plugins/js_composer/include/templates/shortcodes/vc_column.php(93): wpb_js_remove_wpautop('[schedule array...')
#5 /var/www/html/blog/wp-content/plugins/js_composer/include/classes/shortcodes/shortcodes.php(473): include('/var/www/html/b...')
#6 /var/www/html/blog/wp-content/plugins/js_composer/include/classes/shortcodes/shortcodes.php(453): WPBakeryShortCode->loadTemplate(Array, '[schedule array...')
#7 /var/www/html/

2018-04-07T11:20:27+00:00 CRITICAL Uncaught Error: Call to undefined function custom_excerpt() in /var/www/html/blog/wp-content/plugins/imevent-common/shortcode/shortcode.php:375
Stack trace:
#0 /var/www/html/blog/wp-includes/shortcodes.php(319): shortcode_schedule(Array, '', 'schedule')
#1 [internal function]: do_shortcode_tag(Array)
#2 /var/www/html/blog/wp-includes/shortcodes.php(197): preg_replace_callback('/\\[(\\[?)(schedu...', 'do_shortcode_ta...', '[schedule array...')
#3 /var/www/html/blog/wp-content/plugins/js_composer/include/helpers/helpers.php(232): do_shortcode('[schedule array...')
#4 /var/www/html/blog/wp-content/plugins/js_composer/include/templates/shortcodes/vc_column.php(93): wpb_js_remove_wpautop('[schedule array...')
#5 /var/www/html/blog/wp-content/plugins/js_composer/include/classes/shortcodes/shortcodes.php(473): include('/var/www/html/b...')
#6 /var/www/html/blog/wp-content/plugins/js_composer/include/classes/shortcodes/shortcodes.php(453): WPBakeryShortCode->loadTemplate(Array, '[schedule array...')
#7 /var/www/html/

